<?xml version="1.0" encoding="UTF-8"?>
<!-- Generated by org.testng.reporters.JUnitReportReporter -->
<testsuite skipped="0" hostname="Admin-PC" name="com.nilava.APIFramework.MockAPISumValidation" tests="1" failures="0" timestamp="28 May 2020 08:01:27 GMT" time="1.538" errors="0">
  <testcase name="sumOfCourses" time="1.538" classname="com.nilava.APIFramework.MockAPISumValidation"/>
</testsuite> <!-- com.nilava.APIFramework.MockAPISumValidation -->
