<?xml version="1.0" encoding="UTF-8"?>
<!-- Generated by org.testng.reporters.JUnitReportReporter -->
<testsuite skipped="0" hostname="Admin-PC" name="com.nilava.APIFramework.StaticJson" tests="1" failures="0" timestamp="30 May 2020 06:24:12 GMT" time="3.777" errors="0">
  <testcase name="addPlace" time="3.777" classname="com.nilava.APIFramework.StaticJson"/>
</testsuite> <!-- com.nilava.APIFramework.StaticJson -->
