<?xml version="1.0" encoding="UTF-8"?>
<!-- Generated by org.testng.reporters.JUnitReportReporter -->
<testsuite skipped="0" hostname="Admin-PC" name="com.nilava.JiraAPI.Authentication" tests="4" failures="0" timestamp="02 Jun 2020 15:05:08 GMT" time="1.717" errors="0">
  <testcase name="createIssueInJira" time="0.442" classname="com.nilava.JiraAPI.Authentication"/>
  <testcase name="addCommnetInJira" time="0.401" classname="com.nilava.JiraAPI.Authentication"/>
  <testcase name="attachmentInJira" time="0.464" classname="com.nilava.JiraAPI.Authentication"/>
  <testcase name="deleteIssueFromJira" time="0.410" classname="com.nilava.JiraAPI.Authentication"/>
</testsuite> <!-- com.nilava.JiraAPI.Authentication -->
